<?xml version="1.0" encoding="UTF-8"?>
<!-- Generated by org.testng.reporters.JUnitReportReporter -->
<testsuite hostname="prathi" failures="0" tests="1" name="POM_TestCases.VT_Login_Test" time="0.000" errors="0" timestamp="2023-01-25T16:54:05 IST" skipped="1">
  <testcase classname="POM_TestCases.VT_Login_Test" name="register" time="0.000">
    <skipped/>
  </testcase> <!-- register -->
  <system-out/>
</testsuite> <!-- POM_TestCases.VT_Login_Test -->
