<?xml version="1.0" encoding="UTF-8"?>
<!-- Generated by org.testng.reporters.JUnitReportReporter -->
<testsuite hostname="prathi" failures="0" tests="1" name="POM_TestCases.VTiger_Login_Test" time="1.827" errors="0" timestamp="2023-01-24T15:34:31 IST" skipped="0">
  <testcase classname="POM_TestCases.VTiger_Login_Test" name="Login" time="1.827"/>
  <system-out/>
</testsuite> <!-- POM_TestCases.VTiger_Login_Test -->
