<?xml version="1.0" encoding="UTF-8"?>
<!-- Generated by org.testng.reporters.JUnitReportReporter -->
<testsuite hostname="prathi" failures="0" tests="1" name="POM_TestCases.Organisation_Test" time="4.439" errors="0" timestamp="2023-01-25T12:34:45 IST" skipped="0">
  <testcase classname="POM_TestCases.Organisation_Test" name="org" time="4.439"/>
  <system-out/>
</testsuite> <!-- POM_TestCases.Organisation_Test -->
